[15:03:44] [main/INFO]: Using mbed TLS based native cipher.
[15:03:44] [main/INFO]: Using zlib based native compressor.
[15:03:44] [main/INFO]: Enabled Waterfall version git:Waterfall-Bootstrap:1.19-R0.1-SNAPSHOT:f6069e2:513
[15:03:44] [main/INFO]: Not on Windows, attempting to use enhanced EpollEventLoop
[15:03:44] [main/INFO]: Epoll is working, utilising it!
[15:03:44] [main/INFO]: Discovered module: ModuleSpec(name=cmd_alert, file=modules/cmd_alert.jar, provider=JenkinsModuleSource())
[15:03:44] [main/INFO]: Discovered module: ModuleSpec(name=cmd_find, file=modules/cmd_find.jar, provider=JenkinsModuleSource())
[15:03:44] [main/INFO]: Discovered module: ModuleSpec(name=cmd_list, file=modules/cmd_list.jar, provider=JenkinsModuleSource())
[15:03:44] [main/INFO]: Discovered module: ModuleSpec(name=cmd_send, file=modules/cmd_send.jar, provider=JenkinsModuleSource())
[15:03:44] [main/INFO]: Discovered module: ModuleSpec(name=cmd_server, file=modules/cmd_server.jar, provider=JenkinsModuleSource())
[15:03:44] [main/INFO]: Discovered module: ModuleSpec(name=reconnect_yaml, file=modules/reconnect_yaml.jar, provider=JenkinsModuleSource())
[15:03:44] [main/INFO]: Loaded plugin reconnect_yaml version git:reconnect_yaml:1.19-R0.1-SNAPSHOT:f6069e2:513 by WaterfallMC
[15:03:44] [main/INFO]: Loaded plugin cmd_find version git:cmd_find:1.19-R0.1-SNAPSHOT:f6069e2:513 by WaterfallMC
[15:03:44] [main/INFO]: Loaded plugin cmd_server version git:cmd_server:1.19-R0.1-SNAPSHOT:f6069e2:513 by WaterfallMC
[15:03:44] [main/INFO]: Loaded plugin cmd_alert version git:cmd_alert:1.19-R0.1-SNAPSHOT:f6069e2:513 by WaterfallMC
[15:03:44] [main/INFO]: Loaded plugin cmd_send version git:cmd_send:1.19-R0.1-SNAPSHOT:f6069e2:513 by WaterfallMC
[15:03:44] [main/INFO]: Loaded plugin cmd_list version git:cmd_list:1.19-R0.1-SNAPSHOT:f6069e2:513 by WaterfallMC
[15:03:44] [main/WARN]: :>:>:>:>:>:>:>:>:>:>:>:>:>:>:>:>:>:>:>:>:>:>:>
[15:03:44] [main/WARN]: :>  
[15:03:44] [main/WARN]: :>      EAGLERCRAFTXBUNGEE WARNING:
[15:03:44] [main/WARN]: :>  
[15:03:44] [main/WARN]: :>  This plugin wasn't tested to be 'working'
[15:03:44] [main/WARN]: :>  with ANY version of BungeeCord (and forks)
[15:03:44] [main/WARN]: :>  apart from the versions listed below:
[15:03:44] [main/WARN]: :>  
[15:03:44] [main/WARN]: :>  - BungeeCord: 1.20-R0.3-SNAPSHOT:eda268b:1797
[15:03:44] [main/WARN]: :>  - Waterfall: 1.20-R0.2-SNAPSHOT:92b5149:562
[15:03:44] [main/WARN]: :>  - FlameCord: 1.1.1
[15:03:44] [main/WARN]: :>  
[15:03:44] [main/WARN]: :>  This is not a Bukkit/Spigot plugin!
[15:03:44] [main/WARN]: :>  
[15:03:44] [main/WARN]: :>  Use "-Deaglerxbungee.stfu=true" to hide
[15:03:44] [main/WARN]: :>  
[15:03:44] [main/WARN]: :>:>:>:>:>:>:>:>:>:>:>:>:>:>:>:>:>:>:>:>:>:>:>
[15:03:45] [main/INFO] [EaglercraftXBungee]: Loading vanilla profile: lax1dude
[15:03:45] [Skin Download Thread #1/INFO] [EaglercraftXBungee]: Loaded vanilla profile: lax1dude
[15:03:45] [main/INFO]: Loaded plugin EaglercraftXBungee version 1.0.10 by lax1dude
[15:03:45] [main/WARN]: Forced host server pvp is not defined
[15:03:45] [main/INFO]: Enabled plugin reconnect_yaml version git:reconnect_yaml:1.19-R0.1-SNAPSHOT:f6069e2:513 by WaterfallMC
[15:03:45] [main/INFO]: Enabled plugin cmd_find version git:cmd_find:1.19-R0.1-SNAPSHOT:f6069e2:513 by WaterfallMC
[15:03:45] [main/INFO]: Enabled plugin cmd_server version git:cmd_server:1.19-R0.1-SNAPSHOT:f6069e2:513 by WaterfallMC
[15:03:45] [main/INFO]: Enabled plugin cmd_alert version git:cmd_alert:1.19-R0.1-SNAPSHOT:f6069e2:513 by WaterfallMC
[15:03:45] [main/INFO]: Enabled plugin cmd_send version git:cmd_send:1.19-R0.1-SNAPSHOT:f6069e2:513 by WaterfallMC
[15:03:45] [main/INFO]: Enabled plugin cmd_list version git:cmd_list:1.19-R0.1-SNAPSHOT:f6069e2:513 by WaterfallMC
[15:03:45] [main/ERROR] [EaglercraftXBungee]: Online mode is set to false! Authentication system has been disabled
[15:03:45] [Netty Worker IO Thread #0/INFO] [EaglercraftXBungee]: Eaglercraft is listening on: /0.0.0.0:8081
[15:03:46] [main/INFO] [EaglercraftXBungee]: Connected to database: jdbc:sqlite:eaglercraft_skins_cache.db
[15:03:46] [main/INFO]: Enabled plugin EaglercraftXBungee version 1.0.10 by lax1dude
[15:03:46] [Netty Boss IO Thread #0/INFO]: Listening on /127.0.0.1:25577
[15:03:46] [EaglerXBungee: Network Tick Tasks/INFO] [EaglercraftXBungee]: Loaded certificate: /workspaces/Classboard-Official-Server/bungee/plugins/EaglercraftXBungee/eagcert/$dl.24a1bafc15c675276968d78cdcb55a04992bddb0.cert
[15:03:57] [Netty Worker IO Thread #1/INFO] [EaglercraftXBungee]: [/[0:0:0:0:0:0:0:1%0]:53900]: Connected via websocket
[15:03:57] [Netty Worker IO Thread #1/INFO] [EaglercraftXBungee]: [/[0:0:0:0:0:0:0:1%0]:53900]: Origin header is https://exquisite-pavlova-2fd33d.netlify.app
[15:03:57] [Netty Worker IO Thread #1/INFO] [EaglercraftXBungee]: [/[0:0:0:0:0:0:0:1%0]:53900]: Logged in as 'dev_'
[15:03:57] [Netty Worker IO Thread #1/INFO]: [/[0:0:0:0:0:0:0:1%0]:53900|dev_] -> UpstreamBridge has connected
[15:03:57] [Netty Worker IO Thread #1/INFO]: [dev_|/[0:0:0:0:0:0:0:1%0]:53900] <-> ServerConnector [lobby] has connected
